This is pdfTeX, Version 3.14159265-2.6-1.40.17 (TeX Live 2016/TeX Live for SUSE Linux) (preloaded format=pdflatex 2018.6.11)  28 JUN 2018 13:15
entering extended mode
 restricted \write18 enabled.
 %&-line parsing enabled.
**paper
(./paper.tex
LaTeX2e <2016/03/31>
Babel <3.9r> and hyphenation patterns for 51 language(s) loaded.
(./jfm.cls
Document Class: jfm 2001/08/08 v1.25 Journal of Fluid Mechanics document class
\halflineskip=\skip41
\affilskip=\skip42
\c@part=\count79
\c@section=\count80
\c@subsection=\count81
\c@subsubsection=\count82
\c@paragraph=\count83
\@indentskip=\skip43
\smallindent=\skip44
\@footindent=\skip45
\@leftskip=\skip46
\proofbox=\box26
\rpbdim=\skip47
\@stequation=\toks14
\c@subequation=\count84
\c@table=\count85
\c@figure=\count86
LaTeX Info: Redefining \cite on input line 1066.
) (/usr/share/texmf/tex/latex/graphics/graphicx.sty
Package: graphicx 2014/10/28 v1.0g Enhanced LaTeX Graphics (DPC,SPQR)

(/usr/share/texmf/tex/latex/graphics/keyval.sty
Package: keyval 2014/10/28 v1.15 key=value parser (DPC)
\KV@toks@=\toks15
)
(/usr/share/texmf/tex/latex/graphics/graphics.sty
Package: graphics 2016/05/09 v1.0r Standard LaTeX Graphics (DPC,SPQR)

(/usr/share/texmf/tex/latex/graphics/trig.sty
Package: trig 2016/01/03 v1.10 sin cos tan (DPC)
)
(/usr/share/texmf/tex/latex/graphics-cfg/graphics.cfg
File: graphics.cfg 2016/01/02 v1.10 sample graphics configuration
)
Package graphics Info: Driver file: pdftex.def on input line 96.

(/usr/share/texmf/tex/latex/pdftex-def/pdftex.def
File: pdftex.def 2011/05/27 v0.06d Graphics/color for pdfTeX

(/usr/share/texmf/tex/generic/oberdiek/infwarerr.sty
Package: infwarerr 2016/05/16 v1.4 Providing info/warning/error messages (HO)
)
(/usr/share/texmf/tex/generic/oberdiek/ltxcmds.sty
Package: ltxcmds 2016/05/16 v1.23 LaTeX kernel commands for general use (HO)
)
\Gread@gobject=\count87
))
\Gin@req@height=\dimen102
\Gin@req@width=\dimen103
)
(/usr/share/texmf/tex/latex/amsmath/amsmath.sty
Package: amsmath 2016/03/10 v2.15b AMS math features
\@mathmargin=\skip48

For additional information on amsmath, use the `?' option.
(/usr/share/texmf/tex/latex/amsmath/amstext.sty
Package: amstext 2000/06/29 v2.01 AMS text

(/usr/share/texmf/tex/latex/amsmath/amsgen.sty
File: amsgen.sty 1999/11/30 v2.0 generic functions
\@emptytoks=\toks16
\ex@=\dimen104
))
(/usr/share/texmf/tex/latex/amsmath/amsbsy.sty
Package: amsbsy 1999/11/29 v1.2d Bold Symbols
\pmbraise@=\dimen105
)
(/usr/share/texmf/tex/latex/amsmath/amsopn.sty
Package: amsopn 2016/03/08 v2.02 operator names
)
\inf@bad=\count88
LaTeX Info: Redefining \frac on input line 199.
\uproot@=\count89
\leftroot@=\count90
LaTeX Info: Redefining \overline on input line 297.
\classnum@=\count91
\DOTSCASE@=\count92
LaTeX Info: Redefining \ldots on input line 394.
LaTeX Info: Redefining \dots on input line 397.
LaTeX Info: Redefining \cdots on input line 518.
\Mathstrutbox@=\box27
\strutbox@=\box28
\big@size=\dimen106
LaTeX Font Info:    Redeclaring font encoding OML on input line 634.
LaTeX Font Info:    Redeclaring font encoding OMS on input line 635.
\macc@depth=\count93
\c@MaxMatrixCols=\count94
\dotsspace@=\muskip10
\c@parentequation=\count95
\dspbrk@lvl=\count96
\tag@help=\toks17
\row@=\count97
\column@=\count98
\maxfields@=\count99
\andhelp@=\toks18
\eqnshift@=\dimen107
\alignsep@=\dimen108
\tagshift@=\dimen109
\tagwidth@=\dimen110
\totwidth@=\dimen111
\lineht@=\dimen112
\@envbody=\toks19
\multlinegap=\skip49
\multlinetaggap=\skip50
\mathdisplay@stack=\toks20
LaTeX Info: Redefining \[ on input line 2739.
LaTeX Info: Redefining \] on input line 2740.
)
(/usr/share/texmf/tex/latex/amsfonts/amssymb.sty
Package: amssymb 2013/01/14 v3.01 AMS font symbols

(/usr/share/texmf/tex/latex/amsfonts/amsfonts.sty
Package: amsfonts 2013/01/14 v3.01 Basic AMSFonts support
\symAMSa=\mathgroup4
\symAMSb=\mathgroup5
LaTeX Font Info:    Overwriting math alphabet `\mathfrak' in version `bold'
(Font)                  U/euf/m/n --> U/euf/b/n on input line 106.
))
(/usr/share/texmf/tex/latex/natbib/natbib.sty
Package: natbib 2010/09/13 8.31b (PWD, AO)
\bibhang=\skip51
\bibsep=\skip52
LaTeX Info: Redefining \cite on input line 694.
\c@NAT@ctr=\count100
)
(/usr/share/texmf/tex/latex/tools/dcolumn.sty
Package: dcolumn 2014/10/28 v1.06 decimal alignment package (DPC)

(/usr/share/texmf/tex/latex/tools/array.sty
Package: array 2014/10/28 v2.4c Tabular extension package (FMi)
\col@sep=\dimen113
\extrarowheight=\dimen114
\NC@list=\toks21
\extratabsurround=\skip53
\backup@length=\skip54


LaTeX Warning: Command \@xhline  has changed.
               Check if current package is valid.

)) (/usr/share/texmf/tex/latex/setspace/setspace.sty
Package: setspace 2011/12/19 v6.7a set line spacing
)
(/usr/share/texmf/tex/latex/booktabs/booktabs.sty
Package: booktabs 2016/04/27 v1.618033 publication quality tables
\heavyrulewidth=\dimen115
\lightrulewidth=\dimen116
\cmidrulewidth=\dimen117
\belowrulesep=\dimen118
\belowbottomsep=\dimen119
\aboverulesep=\dimen120
\abovetopsep=\dimen121
\cmidrulesep=\dimen122
\cmidrulekern=\dimen123
\defaultaddspace=\dimen124
\@cmidla=\count101
\@cmidlb=\count102
\@aboverulesep=\dimen125
\@belowrulesep=\dimen126
\@thisruleclass=\count103
\@lastruleclass=\count104
\@thisrulewidth=\dimen127
)
(/usr/share/texmf/tex/latex/rotating/rotating.sty
Package: rotating 2009/03/28 v2.16a rotated objects in LaTeX

(/usr/share/texmf/tex/latex/base/ifthen.sty
Package: ifthen 2014/09/29 v1.1c Standard LaTeX ifthen package (DPC)
)
\c@r@tfl@t=\count105
\rotFPtop=\skip55
\rotFPbot=\skip56
\rot@float@box=\box29
\rot@mess@toks=\toks22
)
(/usr/share/texmf/tex/latex/tools/afterpage.sty
Package: afterpage 2014/10/28 v1.08 After-Page Package (DPC)
\AP@output=\toks23
\AP@partial=\box30
\AP@footins=\box31
) (./paper.aux)
\openout1 = `paper.aux'.

LaTeX Font Info:    Checking defaults for OML/cmm/m/it on input line 89.
LaTeX Font Info:    ... okay on input line 89.
LaTeX Font Info:    Checking defaults for T1/cmr/m/n on input line 89.
LaTeX Font Info:    ... okay on input line 89.
LaTeX Font Info:    Checking defaults for OT1/cmr/m/n on input line 89.
LaTeX Font Info:    ... okay on input line 89.
LaTeX Font Info:    Checking defaults for OMS/cmsy/m/n on input line 89.
LaTeX Font Info:    ... okay on input line 89.
LaTeX Font Info:    Checking defaults for OMX/cmex/m/n on input line 89.
LaTeX Font Info:    ... okay on input line 89.
LaTeX Font Info:    Checking defaults for U/cmr/m/n on input line 89.
LaTeX Font Info:    ... okay on input line 89.

(/usr/share/texmf/tex/context/base/mkii/supp-pdf.mkii
[Loading MPS to PDF converter (version 2006.09.02).]
\scratchcounter=\count106
\scratchdimen=\dimen128
\scratchbox=\box32
\nofMPsegments=\count107
\nofMParguments=\count108
\everyMPshowfont=\toks24
\MPscratchCnt=\count109
\MPscratchDim=\dimen129
\MPnumerator=\count110
\makeMPintoPDFobject=\count111
\everyMPtoPDFconversion=\toks25
) (/usr/share/texmf/tex/generic/oberdiek/pdftexcmds.sty
Package: pdftexcmds 2016/05/10 v0.21 Utility functions of pdfTeX for LuaTeX (HO
)

(/usr/share/texmf/tex/generic/oberdiek/ifluatex.sty
Package: ifluatex 2016/05/16 v1.4 Provides the ifluatex switch (HO)
Package ifluatex Info: LuaTeX not detected.
)
(/usr/share/texmf/tex/generic/oberdiek/ifpdf.sty
Package: ifpdf 2016/05/14 v3.1 Provides the ifpdf switch
)
Package pdftexcmds Info: LuaTeX not detected.
Package pdftexcmds Info: \pdf@primitive is available.
Package pdftexcmds Info: \pdf@ifprimitive is available.
Package pdftexcmds Info: \pdfdraftmode found.
)
(/usr/share/texmf/tex/latex/oberdiek/epstopdf-base.sty
Package: epstopdf-base 2016/05/15 v2.6 Base part for package epstopdf

(/usr/share/texmf/tex/latex/oberdiek/grfext.sty
Package: grfext 2016/05/16 v1.2 Manage graphics extensions (HO)

(/usr/share/texmf/tex/generic/oberdiek/kvdefinekeys.sty
Package: kvdefinekeys 2016/05/16 v1.4 Define keys (HO)
))
(/usr/share/texmf/tex/latex/oberdiek/kvoptions.sty
Package: kvoptions 2016/05/16 v3.12 Key value format for package options (HO)

(/usr/share/texmf/tex/generic/oberdiek/kvsetkeys.sty
Package: kvsetkeys 2016/05/16 v1.17 Key value parser (HO)

(/usr/share/texmf/tex/generic/oberdiek/etexcmds.sty
Package: etexcmds 2016/05/16 v1.6 Avoid name clashes with e-TeX commands (HO)
Package etexcmds Info: Could not find \expanded.
(etexcmds)             That can mean that you are not using pdfTeX 1.50 or
(etexcmds)             that some package has redefined \expanded.
(etexcmds)             In the latter case, load this package earlier.
)))
Package grfext Info: Graphics extension search list:
(grfext)             [.png,.pdf,.jpg,.mps,.jpeg,.jbig2,.jb2,.PNG,.PDF,.JPG,.JPE
G,.JBIG2,.JB2,.eps]
(grfext)             \AppendGraphicsExtensions on input line 456.

(/usr/share/texmf/tex/latex/latexconfig/epstopdf-sys.cfg
File: epstopdf-sys.cfg 2010/07/13 v1.3 Configuration of (r)epstopdf for TeX Liv
e
))
LaTeX Font Info:    Try loading font information for U+msa on input line 92.

(/usr/share/texmf/tex/latex/amsfonts/umsa.fd
File: umsa.fd 2013/01/14 v3.01 AMS symbols A
)
LaTeX Font Info:    Try loading font information for U+msb on input line 92.

(/usr/share/texmf/tex/latex/amsfonts/umsb.fd
File: umsb.fd 2013/01/14 v3.01 AMS symbols B
)

Package natbib Warning: Citation `spedding97' on page 1 undefined on input line
 95.


Package natbib Warning: Citation `davidson10' on page 1 undefined on input line
 95.


Package natbib Warning: Citation `billant10' on page 1 undefined on input line 
95.


Package natbib Warning: Citation `godoy-diana04' on page 1 undefined on input l
ine 95.

(./paper.toc)
\tf@toc=\write3
\openout3 = `paper.toc'.



Package natbib Warning: Citation `riley81' on page 1 undefined on input line 12
5.


Package natbib Warning: Citation `liu95' on page 1 undefined on input line 125.



Package natbib Warning: Citation `spedding97' on page 1 undefined on input line
 125.


Underfull \vbox (badness 3735) has occurred while \output is active []


pdfTeX warning (Object streams): \pdfobjcompresslevel > 0 requires \pdfminorver
sion > 4. Object streams disabled now.
[1{/var/lib/texmf/fonts/map/pdftex/updmap/pdftex.map}]

Package natbib Warning: Citation `maffioli16' on page 2 undefined on input line
 132.


Package natbib Warning: Citation `lilly83' on page 2 undefined on input line 13
5.


Package natbib Warning: Citation `bil01' on page 2 undefined on input line 135.



Package natbib Warning: Citation `lin79' on page 2 undefined on input line 135.



Package natbib Warning: Citation `spedding97' on page 2 undefined on input line
 135.


Package natbib Warning: Citation `lilly83' on page 2 undefined on input line 13
5.


Package natbib Warning: Citation `bil01' on page 2 undefined on input line 135.



Package natbib Warning: Citation `smyth88' on page 2 undefined on input line 14
3.


Package natbib Warning: Citation `riley03' on page 2 undefined on input line 14
3.


Package natbib Warning: Citation `britter83' on page 2 undefined on input line 
151.


Package natbib Warning: Citation `liu95' on page 2 undefined on input line 151.



Package natbib Warning: Citation `fincham96' on page 2 undefined on input line 
151.


Package natbib Warning: Citation `praud05' on page 2 undefined on input line 15
1.


Package natbib Warning: Citation `stillinger83' on page 2 undefined on input li
ne 151.


Package natbib Warning: Citation `itsweire86' on page 2 undefined on input line
 151.


Package natbib Warning: Citation `yoon90' on page 2 undefined on input line 151
.


Package natbib Warning: Citation `lienhard90' on page 2 undefined on input line
 151.


Package natbib Warning: Citation `liu95' on page 2 undefined on input line 153.



Package natbib Warning: Citation `riley81' on page 2 undefined on input line 15
6.


Package natbib Warning: Citation `praud05' on page 2 undefined on input line 15
6.


Package natbib Warning: Citation `yoon90' on page 2 undefined on input line 156
.


Package natbib Warning: Citation `liu95' on page 2 undefined on input line 156.



Package natbib Warning: Citation `praud05' on page 2 undefined on input line 15
6.


Package natbib Warning: Citation `stillinger83' on page 2 undefined on input li
ne 156.


Underfull \vbox (badness 10000) has occurred while \output is active []

 [2]

Package natbib Warning: Citation `lin79' on page 3 undefined on input line 158.



Package natbib Warning: Citation `spedding97' on page 3 undefined on input line
 158.


Package natbib Warning: Citation `lin79' on page 3 undefined on input line 158.



Package natbib Warning: Citation `watanabe16' on page 3 undefined on input line
 158.


Package natbib Warning: Citation `lin79' on page 3 undefined on input line 158.



Package natbib Warning: Citation `spedding97' on page 3 undefined on input line
 158.


Package natbib Warning: Citation `lin79' on page 3 undefined on input line 158.



Package natbib Warning: Citation `godoy-diana04' on page 3 undefined on input l
ine 160.


Package natbib Warning: Citation `lin79' on page 3 undefined on input line 160.



Package natbib Warning: Citation `spedding97' on page 3 undefined on input line
 160.


Package natbib Warning: Citation `godoy-diana04' on page 3 undefined on input l
ine 160.


Package natbib Warning: Citation `maffioli16' on page 3 undefined on input line
 160.


Package natbib Warning: Citation `riley81' on page 3 undefined on input line 16
0.

LaTeX Font Info:    Try loading font information for OMS+cmr on input line 160.

(/usr/share/texmf/tex/latex/base/omscmr.fd
File: omscmr.fd 2014/09/29 v2.5h Standard LaTeX font definitions
)
LaTeX Font Info:    Font shape `OMS/cmr/m/n' in size <10> not available
(Font)              Font shape `OMS/cmsy/m/n' tried instead on input line 160.
 [3]

Package natbib Warning: Citation `riley81' on page 4 undefined on input line 23
0.


Package natbib Warning: Citation `liu95' on page 4 undefined on input line 236.



Package natbib Warning: Citation `herring89' on page 4 undefined on input line 
239.


Package natbib Warning: Citation `metais89' on page 4 undefined on input line 2
40.


Package natbib Warning: Citation `lilly83' on page 4 undefined on input line 24
0.


Package natbib Warning: Citation `bil01' on page 4 undefined on input line 240.



Package natbib Warning: Citation `riley03' on page 4 undefined on input line 24
3.


Package natbib Warning: Citation `lilly83' on page 4 undefined on input line 24
4.


Package natbib Warning: Citation `lindborg06a' on page 4 undefined on input lin
e 244.


Package natbib Warning: Citation `bartello13' on page 4 undefined on input line
 244.


Package natbib Warning: Citation `lindborg06a' on page 4 undefined on input lin
e 244.


Package natbib Warning: Citation `maffioli16' on page 4 undefined on input line
 244.


Package natbib Warning: Citation `lilly83' on page 4 undefined on input line 24
4.


Package natbib Warning: Citation `bil01' on page 4 undefined on input line 244.



Package natbib Warning: Citation `lindborg06a' on page 4 undefined on input lin
e 244.


Package natbib Warning: Citation `bret07' on page 4 undefined on input line 244
.


Package natbib Warning: Citation `lindborg06a' on page 4 undefined on input lin
e 244.


Underfull \vbox (badness 10000) has occurred while \output is active []

 [4]

Package natbib Warning: Citation `diamessis11' on page 5 undefined on input lin
e 253.


Package natbib Warning: Citation `spedding97' on page 5 undefined on input line
 253.


Package natbib Warning: Citation `davidson10' on page 5 undefined on input line
 255.


Package natbib Warning: Citation `saffman67' on page 5 undefined on input line 
257.


Package natbib Warning: Citation `saffman67' on page 5 undefined on input line 
258.


Package natbib Warning: Citation `davidson10' on page 5 undefined on input line
 267.


Package natbib Warning: Citation `bil01' on page 5 undefined on input line 272.



Package natbib Warning: Citation `pope00' on page 5 undefined on input line 321
.


Package natbib Warning: Citation `overholt98' on page 5 undefined on input line
 322.


Package natbib Warning: Citation `rao11' on page 5 undefined on input line 323.



Package natbib Warning: Citation `almalkie12' on page 5 undefined on input line
 324.


Package natbib Warning: Citation `durran91' on page 5 undefined on input line 3
27.

[5]
Underfull \vbox (badness 10000) has occurred while \output is active []

 [6]

Package natbib Warning: Citation `comte71' on page 7 undefined on input line 45
3.


Package natbib Warning: Citation `debk98b' on page 7 undefined on input line 46
6.


Package natbib Warning: Citation `eswaran88' on page 7 undefined on input line 
466.



pdfTeX warning: pdflatex (file ./R2325_rho_xz.pdf): PDF inclusion: found PDF ve
rsion <1.5>, but at most version <1.4> allowed
<R2325_rho_xz.pdf, id=35, 379.4175pt x 534.79799pt>
File: R2325_rho_xz.pdf Graphic file (type pdf)
 <use R2325_rho_xz.pdf>
Package pdftex.def Info: R2325_rho_xz.pdf used on input line 481.
(pdftex.def)             Requested size: 379.41656pt x 534.79668pt.


pdfTeX warning: pdflatex (file ./gnslice.pdf): PDF inclusion: found PDF version
 <1.5>, but at most version <1.4> allowed
<gnslice.pdf, id=36, 379.4175pt x 534.79799pt>
File: gnslice.pdf Graphic file (type pdf)
 <use gnslice.pdf>
Package pdftex.def Info: gnslice.pdf used on input line 493.
(pdftex.def)             Requested size: 379.41656pt x 534.79668pt.


Package natbib Warning: Citation `george92' on page 7 undefined on input line 5
06.


Package natbib Warning: Citation `skrbek00' on page 7 undefined on input line 5
06.


Package natbib Warning: Citation `davidson10' on page 7 undefined on input line
 506.

[7] [8] [9 <./R2325_rho_xz.pdf>] [10 <./gnslice.pdf>]

Package natbib Warning: Citation `debk00a' on page 11 undefined on input line 5
21.


Package natbib Warning: Citation `perot06' on page 11 undefined on input line 5
22.


Package natbib Warning: Citation `saffman67' on page 11 undefined on input line
 524.


Package natbib Warning: Citation `davidson10' on page 11 undefined on input lin
e 524.



pdfTeX warning: pdflatex (file ./urmsR160F2.pdf): PDF inclusion: found PDF vers
ion <1.5>, but at most version <1.4> allowed
<urmsR160F2.pdf, id=80, 187.902pt x 144.54pt>
File: urmsR160F2.pdf Graphic file (type pdf)
 <use urmsR160F2.pdf>
Package pdftex.def Info: urmsR160F2.pdf used on input line 540.
(pdftex.def)             Requested size: 187.90154pt x 144.53963pt.


pdfTeX warning: pdflatex (file ./urmsR600F2.pdf): PDF inclusion: found PDF vers
ion <1.5>, but at most version <1.4> allowed
<urmsR600F2.pdf, id=81, 187.902pt x 144.54pt>
File: urmsR600F2.pdf Graphic file (type pdf)
 <use urmsR600F2.pdf>
Package pdftex.def Info: urmsR600F2.pdf used on input line 541.
(pdftex.def)             Requested size: 187.90154pt x 144.53963pt.

<urmsR2325F2.png, id=82, 170.67764pt x 136.46985pt>
File: urmsR2325F2.png Graphic file (type png)
 <use urmsR2325F2.png>
Package pdftex.def Info: urmsR2325F2.png used on input line 542.
(pdftex.def)             Requested size: 170.6772pt x 136.4695pt.


pdfTeX warning: pdflatex (file ./urms.pdf): PDF inclusion: found PDF version <1
.5>, but at most version <1.4> allowed
<urms.pdf, id=83, 187.902pt x 144.54pt>
File: urms.pdf Graphic file (type pdf)
 <use urms.pdf>
Package pdftex.def Info: urms.pdf used on input line 543.
(pdftex.def)             Requested size: 187.90154pt x 144.53963pt.


pdfTeX warning: pdflatex (file ./allLengthsR160F2.pdf): PDF inclusion: found PD
F version <1.5>, but at most version <1.4> allowed
<allLengthsR160F2.pdf, id=84, 379.4175pt x 180.675pt>
File: allLengthsR160F2.pdf Graphic file (type pdf)

<use allLengthsR160F2.pdf>
Package pdftex.def Info: allLengthsR160F2.pdf used on input line 557.
(pdftex.def)             Requested size: 379.41656pt x 180.67455pt.


pdfTeX warning: pdflatex (file ./allLengthsR600F2.pdf): PDF inclusion: found PD
F version <1.5>, but at most version <1.4> allowed
<allLengthsR600F2.pdf, id=85, 379.4175pt x 180.675pt>
File: allLengthsR600F2.pdf Graphic file (type pdf)

<use allLengthsR600F2.pdf>
Package pdftex.def Info: allLengthsR600F2.pdf used on input line 558.
(pdftex.def)             Requested size: 379.41656pt x 180.67455pt.


pdfTeX warning: pdflatex (file ./allLengthsR2325F2.pdf): PDF inclusion: found P
DF version <1.5>, but at most version <1.4> allowed
<allLengthsR2325F2.pdf, id=86, 379.4175pt x 180.675pt>
File: allLengthsR2325F2.pdf Graphic file (type pdf)

<use allLengthsR2325F2.pdf>
Package pdftex.def Info: allLengthsR2325F2.pdf used on input line 559.
(pdftex.def)             Requested size: 379.41656pt x 180.67455pt.


Package natbib Warning: Citation `davidson10' on page 11 undefined on input lin
e 565.


Package natbib Warning: Citation `comte71' on page 11 undefined on input line 6
13.


Package natbib Warning: Citation `davidson10' on page 11 undefined on input lin
e 628.


Package natbib Warning: Citation `lin79' on page 11 undefined on input line 630
.


Package natbib Warning: Citation `spedding97' on page 11 undefined on input lin
e 631.


Package natbib Warning: Citation `yoon90' on page 11 undefined on input line 63
1.


Package natbib Warning: Citation `stillinger83' on page 11 undefined on input l
ine 631.


Package natbib Warning: Citation `almalkie12a' on page 11 undefined on input li
ne 632.


Package natbib Warning: Citation `liu95' on page 11 undefined on input line 635
.


Package natbib Warning: Citation `praud05' on page 11 undefined on input line 6
38.

[11

]

pdfTeX warning: pdflatex (file ./rho.pdf): PDF inclusion: found PDF version <1.
5>, but at most version <1.4> allowed
<rho.pdf, id=90, 379.4175pt x 180.675pt>
File: rho.pdf Graphic file (type pdf)
 <use rho.pdf>
Package pdftex.def Info: rho.pdf used on input line 650.
(pdftex.def)             Requested size: 379.41656pt x 180.67455pt.


Package natbib Warning: Citation `davidson10' on page 12 undefined on input lin
e 664.


Package natbib Warning: Citation `lilly83' on page 12 undefined on input line 6
65.


Package natbib Warning: Citation `bil01' on page 12 undefined on input line 668
.


Underfull \vbox (badness 3792) has occurred while \output is active []

 [12 <./urmsR160F2.pdf> <./urmsR600F2.pdf> <./urmsR2325F2.png (PNG copy)> <./ur
ms.pdf>]
[13 <./allLengthsR160F2.pdf> <./allLengthsR600F2.pdf> <./allLengthsR2325F2.pdf>
]

Package natbib Warning: Citation `debk00a' on page 14 undefined on input line 6
83.


Package natbib Warning: Citation `liu95' on page 14 undefined on input line 692
.


Package natbib Warning: Citation `praud05' on page 14 undefined on input line 6
92.



pdfTeX warning: pdflatex (file ./froude.pdf): PDF inclusion: found PDF version 
<1.5>, but at most version <1.4> allowed
<froude.pdf, id=237, 379.4175pt x 180.675pt>
File: froude.pdf Graphic file (type pdf)
 <use froude.pdf>
Package pdftex.def Info: froude.pdf used on input line 702.
(pdftex.def)             Requested size: 379.41656pt x 180.67455pt.


Package natbib Warning: Citation `riley81' on page 14 undefined on input line 7
16.


Underfull \vbox (badness 1184) has occurred while \output is active []

 [14 <./rho.pdf>]

Package natbib Warning: Citation `lorenz55' on page 15 undefined on input line 
734.


Package natbib Warning: Citation `godoy-diana06' on page 15 undefined on input 
line 743.


Package natbib Warning: Citation `perot06' on page 15 undefined on input line 7
67.



pdfTeX warning: pdflatex (file ./keRatio.pdf): PDF inclusion: found PDF version
 <1.5>, but at most version <1.4> allowed
<keRatio.pdf, id=264, 379.4175pt x 180.675pt>
File: keRatio.pdf Graphic file (type pdf)
 <use keRatio.pdf>
Package pdftex.def Info: keRatio.pdf used on input line 780.
(pdftex.def)             Requested size: 379.41656pt x 180.67455pt.


pdfTeX warning: pdflatex (file ./te.pdf): PDF inclusion: found PDF version <1.5
>, but at most version <1.4> allowed
<te.pdf, id=265, 379.4175pt x 180.675pt>
File: te.pdf Graphic file (type pdf)
 <use te.pdf>
Package pdftex.def Info: te.pdf used on input line 781.
(pdftex.def)             Requested size: 379.41656pt x 180.67455pt.


Package natbib Warning: Citation `riley81' on page 15 undefined on input line 7
98.


Package natbib Warning: Citation `liu95' on page 15 undefined on input line 799
.



pdfTeX warning: pdflatex (file ./b.pdf): PDF inclusion: found PDF version <1.5>
, but at most version <1.4> allowed
<b.pdf, id=266, 379.4175pt x 144.54pt>
File: b.pdf Graphic file (type pdf)
 <use b.pdf>
Package pdftex.def Info: b.pdf used on input line 804.
(pdftex.def)             Requested size: 379.41656pt x 144.53963pt.


pdfTeX warning: pdflatex (file ./cum-b.pdf): PDF inclusion: found PDF version <
1.5>, but at most version <1.4> allowed
<cum-b.pdf, id=267, 379.4175pt x 144.54pt>
File: cum-b.pdf Graphic file (type pdf)
 <use cum-b.pdf>
Package pdftex.def Info: cum-b.pdf used on input line 805.
(pdftex.def)             Requested size: 379.41656pt x 144.53963pt.
 [15 <./froude.pdf>]
Underfull \vbox (badness 2142) has occurred while \output is active []

 [16 <./keRatio.pdf> <./te.pdf>]

pdfTeX warning: pdflatex (file ./chi.pdf): PDF inclusion: found PDF version <1.
5>, but at most version <1.4> allowed
<chi.pdf, id=347, 379.4175pt x 144.54pt>
File: chi.pdf Graphic file (type pdf)
 <use chi.pdf>
Package pdftex.def Info: chi.pdf used on input line 847.
(pdftex.def)             Requested size: 379.41656pt x 144.53963pt.


Package natbib Warning: Citation `osborn80' on page 17 undefined on input line 
856.


Package natbib Warning: Citation `smyth01' on page 17 undefined on input line 8
56.


Package natbib Warning: Citation `riley03' on page 17 undefined on input line 8
58.


Package natbib Warning: Citation `maffioli16b' on page 17 undefined on input li
ne 859.


Package natbib Warning: Citation `liu95' on page 17 undefined on input line 860
.


Package natbib Warning: Citation `osborn80' on page 17 undefined on input line 
861.


Package natbib Warning: Citation `debk16a' on page 17 undefined on input line 8
62.



pdfTeX warning: pdflatex (file ./eta.pdf): PDF inclusion: found PDF version <1.
5>, but at most version <1.4> allowed
<eta.pdf, id=348, 379.4175pt x 216.81pt>
File: eta.pdf Graphic file (type pdf)
 <use eta.pdf>
Package pdftex.def Info: eta.pdf used on input line 869.
(pdftex.def)             Requested size: 361.34999pt x 206.49103pt.
 [17 <./b.pdf> <./cum-b.pdf>]

Package natbib Warning: Citation `smyth01' on page 18 undefined on input line 8
77.


Package natbib Warning: Citation `salehipour15' on page 18 undefined on input l
ine 879.


Package natbib Warning: Citation `salehipour15' on page 18 undefined on input l
ine 881.


Package natbib Warning: Citation `debk16a' on page 18 undefined on input line 8
82.


Package natbib Warning: Citation `bil01' on page 18 undefined on input line 899
.


Package natbib Warning: Citation `riley03' on page 18 undefined on input line 9
03.

[18 <./chi.pdf> <./eta.pdf>]

Package natbib Warning: Citation `brethouwer07' on page 19 undefined on input l
ine 916.


Package natbib Warning: Citation `gibson80' on page 19 undefined on input line 
920.


Package natbib Warning: Citation `gargett84' on page 19 undefined on input line
 920.


Package natbib Warning: Citation `dillon84' on page 19 undefined on input line 
925.


Package natbib Warning: Citation `gibson80' on page 19 undefined on input line 
944.


Package natbib Warning: Citation `stillinger83' on page 19 undefined on input l
ine 946.


Package natbib Warning: Citation `portwood16' on page 19 undefined on input lin
e 947.


Package natbib Warning: Citation `kolmogorov41' on page 19 undefined on input l
ine 954.


Package natbib Warning: Citation `oboukhov41a' on page 19 undefined on input li
ne 954.


Package natbib Warning: Citation `oboukhov41b' on page 19 undefined on input li
ne 954.


Package natbib Warning: Citation `oboukhov49' on page 19 undefined on input lin
e 954.


Package natbib Warning: Citation `corrsin51' on page 19 undefined on input line
 954.


Package natbib Warning: Citation `kolmogorov62' on page 19 undefined on input l
ine 954.


Package natbib Warning: Citation `oboukhov62' on page 19 undefined on input lin
e 954.


Package natbib Warning: Citation `portwood16' on page 19 undefined on input lin
e 955.



pdfTeX warning: pdflatex (file ./reynolds.pdf): PDF inclusion: found PDF versio
n <1.5>, but at most version <1.4> allowed
<reynolds.pdf, id=440, 379.4175pt x 180.675pt>
File: reynolds.pdf Graphic file (type pdf)
 <use reynolds.pdf>
Package pdftex.def Info: reynolds.pdf used on input line 967.
(pdftex.def)             Requested size: 379.41656pt x 180.67455pt.


Package natbib Warning: Citation `riley03' on page 19 undefined on input line 9
76.


Package natbib Warning: Citation `deloncle08' on page 19 undefined on input lin
e 979.


Package natbib Warning: Citation `augier11' on page 19 undefined on input line 
979.

[19]

Package natbib Warning: Citation `hebert06b' on page 20 undefined on input line
 987.


Package natbib Warning: Citation `pope00' on page 20 undefined on input line 10
05.


Package natbib Warning: Citation `sreenivasan98' on page 20 undefined on input 
line 1010.


Package natbib Warning: Citation `maffioli16' on page 20 undefined on input lin
e 1019.


Package natbib Warning: Citation `hebert06b' on page 20 undefined on input line
 1020.


Package natbib Warning: Citation `debk15' on page 20 undefined on input line 10
22.


Package natbib Warning: Citation `debk15' on page 20 undefined on input line 10
25.

[20 <./reynolds.pdf>]

pdfTeX warning: pdflatex (file ./D1.pdf): PDF inclusion: found PDF version <1.5
>, but at most version <1.4> allowed
<D1.pdf, id=476, 379.4175pt x 180.675pt>
File: D1.pdf Graphic file (type pdf)
 <use D1.pdf>
Package pdftex.def Info: D1.pdf used on input line 1034.
(pdftex.def)             Requested size: 379.41656pt x 180.67455pt.


Package natbib Warning: Citation `sreenivasan98' on page 21 undefined on input 
line 1042.


Package natbib Warning: Citation `hebert06b' on page 21 undefined on input line
 1050.


Package natbib Warning: Citation `maffioli16' on page 21 undefined on input lin
e 1050.



pdfTeX warning: pdflatex (file ./compensated.pdf): PDF inclusion: found PDF ver
sion <1.5>, but at most version <1.4> allowed
<compensated.pdf, id=477, 408.32549pt x 433.62pt>
File: compensated.pdf Graphic file (type pdf)
 <use compensated.pdf>
Package pdftex.def Info: compensated.pdf used on input line 1061.
(pdftex.def)             Requested size: 408.32448pt x 433.61894pt.

Overfull \hbox (24.32448pt too wide) in paragraph at lines 1061--1062
 [] 
 []


Package natbib Warning: Citation `pope00' on page 21 undefined on input line 11
02.


Package natbib Warning: Citation `sreenivasan95' on page 21 undefined on input 
line 1102.


Package natbib Warning: Citation `meyers08' on page 21 undefined on input line 
1104.


Package natbib Warning: Citation `debk15' on page 21 undefined on input line 11
04.


Package natbib Warning: Citation `debk15' on page 21 undefined on input line 11
06.


Package natbib Warning: Citation `maffioli16' on page 21 undefined on input lin
e 1106.

[21 <./D1.pdf>]

pdfTeX warning: pdflatex (file ./issf_shear.pdf): PDF inclusion: found PDF vers
ion <1.5>, but at most version <1.4> allowed
<issf_shear.pdf, id=494, 379.4175pt x 289.08pt>
File: issf_shear.pdf Graphic file (type pdf)
 <use issf_shear.pdf>
Package pdftex.def Info: issf_shear.pdf used on input line 1117.
(pdftex.def)             Requested size: 379.41656pt x 289.07928pt.


Package natbib Warning: Citation `lindborg06a' on page 22 undefined on input li
ne 1124.

[22 <./compensated.pdf>]

Package natbib Warning: Citation `bil01' on page 23 undefined on input line 112
6.


Package natbib Warning: Citation `lilly83' on page 23 undefined on input line 1
126.

[23 <./issf_shear.pdf>]

pdfTeX warning: pdflatex (file ./urmsR160F2b.pdf): PDF inclusion: found PDF ver
sion <1.5>, but at most version <1.4> allowed
<urmsR160F2b.pdf, id=545, 379.4175pt x 180.675pt>
File: urmsR160F2b.pdf Graphic file (type pdf)
 <use urmsR160F2b.pdf>
Package pdftex.def Info: urmsR160F2b.pdf used on input line 1161.
(pdftex.def)             Requested size: 379.41656pt x 180.67455pt.


pdfTeX warning: pdflatex (file ./urmsR600F2b.pdf): PDF inclusion: found PDF ver
sion <1.5>, but at most version <1.4> allowed
<urmsR600F2b.pdf, id=546, 379.4175pt x 180.675pt>
File: urmsR600F2b.pdf Graphic file (type pdf)
 <use urmsR600F2b.pdf>
Package pdftex.def Info: urmsR600F2b.pdf used on input line 1162.
(pdftex.def)             Requested size: 379.41656pt x 180.67455pt.


pdfTeX warning: pdflatex (file ./urmsR2325F2b.pdf): PDF inclusion: found PDF ve
rsion <1.5>, but at most version <1.4> allowed
<urmsR2325F2b.pdf, id=547, 379.4175pt x 180.675pt>
File: urmsR2325F2b.pdf Graphic file (type pdf)
 <use urmsR2325F2b.pdf>
Package pdftex.def Info: urmsR2325F2b.pdf used on input line 1163.
(pdftex.def)             Requested size: 379.41656pt x 180.67455pt.


Package natbib Warning: Citation `davidson10' on page 24 undefined on input lin
e 1171.



pdfTeX warning: pdflatex (file ./Fh-Gn.pdf): PDF inclusion: found PDF version <
1.5>, but at most version <1.4> allowed
<Fh-Gn.pdf, id=548, 379.4175pt x 252.945pt>
File: Fh-Gn.pdf Graphic file (type pdf)
 <use Fh-Gn.pdf>
Package pdftex.def Info: Fh-Gn.pdf used on input line 1176.
(pdftex.def)             Requested size: 379.41656pt x 252.94438pt.


Package natbib Warning: Citation `spedding97' on page 24 undefined on input lin
e 1184.



pdfTeX warning: pdflatex (file ./froudeLate.pdf): PDF inclusion: found PDF vers
ion <1.5>, but at most version <1.4> allowed
<froudeLate.pdf, id=549, 379.4175pt x 180.675pt>
File: froudeLate.pdf Graphic file (type pdf)
 <use froudeLate.pdf>
Package pdftex.def Info: froudeLate.pdf used on input line 1188.
(pdftex.def)             Requested size: 379.41656pt x 180.67455pt.


Package natbib Warning: Citation `billant01' on page 24 undefined on input line
 1204.


Package natbib Warning: Citation `maffioli16' on page 24 undefined on input lin
e 1205.


Package natbib Warning: Citation `davidson10' on page 24 undefined on input lin
e 1208.


Package natbib Warning: Citation `billant01' on page 24 undefined on input line
 1208.


Package natbib Warning: Citation `lilly83' on page 24 undefined on input line 1
208.

[24] [25 <./urmsR160F2b.pdf> <./urmsR600F2b.pdf> <./urmsR2325F2b.pdf>]
Underfull \vbox (badness 1259) has occurred while \output is active []

 [26 <./Fh-Gn.pdf> <./froudeLate.pdf>]

Package natbib Warning: Citation `riley81' on page 27 undefined on input line 1
211.


Package natbib Warning: Citation `godoy-diana04' on page 27 undefined on input 
line 1212.


Package natbib Warning: Citation `godoy-diana04' on page 27 undefined on input 
line 1215.


Package amsmath Warning: Foreign command \over;
(amsmath)                \frac or \genfrac should be used instead
(amsmath)                 on input line 1237.



pdfTeX warning: pdflatex (file ./ee.pdf): PDF inclusion: found PDF version <1.5
>, but at most version <1.4> allowed
<ee.pdf, id=680, 379.4175pt x 180.675pt>
File: ee.pdf Graphic file (type pdf)
 <use ee.pdf>
Package pdftex.def Info: ee.pdf used on input line 1273.
(pdftex.def)             Requested size: 379.41656pt x 180.67455pt.


Package natbib Warning: Citation `fincham96' on page 27 undefined on input line
 1286.


Package natbib Warning: Citation `praud05' on page 27 undefined on input line 1
286.


Package natbib Warning: Citation `hebert06b' on page 27 undefined on input line
 1293.


Package natbib Warning: Citation `riley03' on page 27 undefined on input line 1
295.

[27]

Package natbib Warning: Citation `saffman67' on page 28 undefined on input line
 1311.


Package natbib Warning: Citation `spedding97' on page 28 undefined on input lin
e 1313.


Package natbib Warning: Citation `davidson10' on page 28 undefined on input lin
e 1313.


Package natbib Warning: Citation `billant01' on page 28 undefined on input line
 1313.


Package natbib Warning: Citation `godoy-diana04' on page 28 undefined on input 
line 1313.

[28 <./ee.pdf>]

Package natbib Warning: Citation `lin79' on page 29 undefined on input line 131
5.


Package natbib Warning: Citation `spedding97' on page 29 undefined on input lin
e 1315.


Package natbib Warning: Citation `yoon90' on page 29 undefined on input line 13
15.


Package natbib Warning: Citation `stillinger83' on page 29 undefined on input l
ine 1315.


Package natbib Warning: Citation `liu95' on page 29 undefined on input line 131
5.


Package natbib Warning: Citation `praud05' on page 29 undefined on input line 1
315.


Package natbib Warning: Citation `itsweire86' on page 29 undefined on input lin
e 1315.


Package natbib Warning: Citation `billant01' on page 29 undefined on input line
 1329.


Package natbib Warning: Citation `smyth01' on page 29 undefined on input line 1
333.


Package natbib Warning: Citation `riley03' on page 29 undefined on input line 1
333.


Package natbib Warning: Citation `almalkie12a' on page 29 undefined on input li
ne 1333.


Package natbib Warning: Citation `maffioli16b' on page 29 undefined on input li
ne 1333.


Package natbib Warning: Citation `billant01' on page 29 undefined on input line
 1354.


Underfull \vbox (badness 10000) has occurred while \output is active []

 [29

]

Package natbib Warning: Citation `godoy-diana04' on page 30 undefined on input 
line 1366.

No file paper.bbl.

Package natbib Warning: There were undefined citations.

[30] (./paper.aux)

 *File List*
     jfm.cls    2001/08/08 v1.25 Journal of Fluid Mechanics document class
graphicx.sty    2014/10/28 v1.0g Enhanced LaTeX Graphics (DPC,SPQR)
  keyval.sty    2014/10/28 v1.15 key=value parser (DPC)
graphics.sty    2016/05/09 v1.0r Standard LaTeX Graphics (DPC,SPQR)
    trig.sty    2016/01/03 v1.10 sin cos tan (DPC)
graphics.cfg    2016/01/02 v1.10 sample graphics configuration
  pdftex.def    2011/05/27 v0.06d Graphics/color for pdfTeX
infwarerr.sty    2016/05/16 v1.4 Providing info/warning/error messages (HO)
 ltxcmds.sty    2016/05/16 v1.23 LaTeX kernel commands for general use (HO)
 amsmath.sty    2016/03/10 v2.15b AMS math features
 amstext.sty    2000/06/29 v2.01 AMS text
  amsgen.sty    1999/11/30 v2.0 generic functions
  amsbsy.sty    1999/11/29 v1.2d Bold Symbols
  amsopn.sty    2016/03/08 v2.02 operator names
 amssymb.sty    2013/01/14 v3.01 AMS font symbols
amsfonts.sty    2013/01/14 v3.01 Basic AMSFonts support
  natbib.sty    2010/09/13 8.31b (PWD, AO)
 dcolumn.sty    2014/10/28 v1.06 decimal alignment package (DPC)
   array.sty    2014/10/28 v2.4c Tabular extension package (FMi)
setspace.sty    2011/12/19 v6.7a set line spacing
booktabs.sty    2016/04/27 v1.618033 publication quality tables
rotating.sty    2009/03/28 v2.16a rotated objects in LaTeX
  ifthen.sty    2014/09/29 v1.1c Standard LaTeX ifthen package (DPC)
afterpage.sty    2014/10/28 v1.08 After-Page Package (DPC)
supp-pdf.mkii
pdftexcmds.sty    2016/05/10 v0.21 Utility functions of pdfTeX for LuaTeX (HO)
ifluatex.sty    2016/05/16 v1.4 Provides the ifluatex switch (HO)
   ifpdf.sty    2016/05/14 v3.1 Provides the ifpdf switch
epstopdf-base.sty    2016/05/15 v2.6 Base part for package epstopdf
  grfext.sty    2016/05/16 v1.2 Manage graphics extensions (HO)
kvdefinekeys.sty    2016/05/16 v1.4 Define keys (HO)
kvoptions.sty    2016/05/16 v3.12 Key value format for package options (HO)
kvsetkeys.sty    2016/05/16 v1.17 Key value parser (HO)
etexcmds.sty    2016/05/16 v1.6 Avoid name clashes with e-TeX commands (HO)
epstopdf-sys.cfg    2010/07/13 v1.3 Configuration of (r)epstopdf for TeX Live
    umsa.fd    2013/01/14 v3.01 AMS symbols A
    umsb.fd    2013/01/14 v3.01 AMS symbols B
  omscmr.fd    2014/09/29 v2.5h Standard LaTeX font definitions
R2325_rho_xz.pdf    Graphic file (type pdf)
 gnslice.pdf    Graphic file (type pdf)
urmsR160F2.pdf    Graphic file (type pdf)
urmsR600F2.pdf    Graphic file (type pdf)
urmsR2325F2.png    Graphic file (type png)
    urms.pdf    Graphic file (type pdf)
allLengthsR160F2.pdf    Graphic file (type pdf)
allLengthsR600F2.pdf    Graphic file (type pdf)
allLengthsR2325F2.pdf    Graphic file (type pdf)
     rho.pdf    Graphic file (type pdf)
  froude.pdf    Graphic file (type pdf)
 keRatio.pdf    Graphic file (type pdf)
      te.pdf    Graphic file (type pdf)
       b.pdf    Graphic file (type pdf)
   cum-b.pdf    Graphic file (type pdf)
     chi.pdf    Graphic file (type pdf)
     eta.pdf    Graphic file (type pdf)
reynolds.pdf    Graphic file (type pdf)
      D1.pdf    Graphic file (type pdf)
compensated.pdf    Graphic file (type pdf)
issf_shear.pdf    Graphic file (type pdf)
urmsR160F2b.pdf    Graphic file (type pdf)
urmsR600F2b.pdf    Graphic file (type pdf)
urmsR2325F2b.pdf    Graphic file (type pdf)
   Fh-Gn.pdf    Graphic file (type pdf)
froudeLate.pdf    Graphic file (type pdf)
      ee.pdf    Graphic file (type pdf)
 ***********

 ) 
Here is how much of TeX's memory you used:
 3464 strings out of 494041
 43548 string characters out of 6158495
 114862 words of memory out of 5000000
 6747 multiletter control sequences out of 15000+600000
 17851 words of font info for 66 fonts, out of 8000000 for 9000
 475 hyphenation exceptions out of 8191
 38i,13n,28p,2185b,321s stack positions out of 5000i,500n,10000p,200000b,80000s
</usr/share/texmf/fonts/type1/public/amsfonts/cm/cmbx10.pfb></usr/share/texmf
/fonts/type1/public/amsfonts/cm/cmbx12.pfb></usr/share/texmf/fonts/type1/public
/amsfonts/cm/cmbx9.pfb></usr/share/texmf/fonts/type1/public/amsfonts/cm/cmcsc10
.pfb></usr/share/texmf/fonts/type1/public/amsfonts/cm/cmex10.pfb></usr/share/te
xmf/fonts/type1/public/amsfonts/cm/cmmi10.pfb></usr/share/texmf/fonts/type1/pub
lic/amsfonts/cm/cmmi6.pfb></usr/share/texmf/fonts/type1/public/amsfonts/cm/cmmi
7.pfb></usr/share/texmf/fonts/type1/public/amsfonts/cm/cmmi8.pfb></usr/share/te
xmf/fonts/type1/public/amsfonts/cm/cmmi9.pfb></usr/share/texmf/fonts/type1/publ
ic/amsfonts/cm/cmmib10.pfb></usr/share/texmf/fonts/type1/public/amsfonts/cm/cmr
10.pfb></usr/share/texmf/fonts/type1/public/amsfonts/cm/cmr6.pfb></usr/share/te
xmf/fonts/type1/public/amsfonts/cm/cmr7.pfb></usr/share/texmf/fonts/type1/publi
c/amsfonts/cm/cmr8.pfb></usr/share/texmf/fonts/type1/public/amsfonts/cm/cmr9.pf
b></usr/share/texmf/fonts/type1/public/amsfonts/cm/cmsy10.pfb></usr/share/texmf
/fonts/type1/public/amsfonts/cm/cmsy6.pfb></usr/share/texmf/fonts/type1/public/
amsfonts/cm/cmsy7.pfb></usr/share/texmf/fonts/type1/public/amsfonts/cm/cmsy8.pf
b></usr/share/texmf/fonts/type1/public/amsfonts/cm/cmsy9.pfb></usr/share/texmf/
fonts/type1/public/amsfonts/cm/cmti10.pfb></usr/share/texmf/fonts/type1/public/
amsfonts/cm/cmti7.pfb></usr/share/texmf/fonts/type1/public/amsfonts/cm/cmti8.pf
b></usr/share/texmf/fonts/type1/public/amsfonts/cm/cmti9.pfb></usr/share/texmf/
fonts/type1/public/cm-super/sfrm0800.pfb>
Output written on paper.pdf (30 pages, 3520795 bytes).
PDF statistics:
 782 PDF objects out of 1000 (max. 8388607)
 0 named destinations out of 1000 (max. 500000)
 136 words of extra memory for PDF output out of 10000 (max. 10000000)

